<?xml version="1.0" encoding="UTF-8"?>
<!-- Generated by org.testng.reporters.JUnitReportReporter -->
<testsuite hostname="DESKTOP-ETI6U33" failures="0" tests="2" name="testNG.testClass" time="0.030" errors="0" timestamp="2022-06-25T20:50:51 IST" skipped="0">
  <testcase classname="testNG.testClass" name="myTest3" time="0.014"/>
  <system-out>
    <![CDATA[Test Method is running]]>
  </system-out>
  <testcase classname="testNG.testClass" name="myTest4" time="0.016"/>
  <system-out>
    <![CDATA[Test Method1 is running]]>
  </system-out>
</testsuite> <!-- testNG.testClass -->
